{"contracts/Executor.sol":{"l":{"20":0,"30":0},"path":"/Users/present/code/badger-timelock/contracts/Executor.sol","s":{"1":0},"b":{},"f":{"1":0,"2":0},"fnMap":{"1":{"name":"execute","line":14,"loc":{"start":{"line":14,"column":4},"end":{"line":21,"column":4}}},"2":{"name":"executeCall","line":23,"loc":{"start":{"line":23,"column":4},"end":{"line":41,"column":4}}}},"statementMap":{"1":{"start":{"line":20,"column":8},"end":{"line":20,"column":52}}},"branchMap":{}},"contracts/mocks/MockToken.sol":{"l":{},"path":"/Users/present/code/badger-timelock/contracts/mocks/MockToken.sol","s":{},"b":{},"f":{"1":0},"fnMap":{"1":{"name":"constructor","line":9,"loc":{"start":{"line":7,"column":4},"end":{"line":10,"column":5}}}},"statementMap":{},"branchMap":{}},"contracts/mocks/TokenGifter.sol":{"l":{"7":0},"path":"/Users/present/code/badger-timelock/contracts/mocks/TokenGifter.sol","s":{"1":0},"b":{},"f":{"1":0},"fnMap":{"1":{"name":"requestTransfer","line":6,"loc":{"start":{"line":6,"column":4},"end":{"line":8,"column":4}}}},"statementMap":{"1":{"start":{"line":7,"column":8},"end":{"line":7,"column":41}}},"branchMap":{}},"contracts/SmartTimelock.sol":{"l":{"29":0,"30":0,"46":0,"48":0,"50":0,"51":0,"53":0,"65":0,"69":0,"71":0,"72":0,"77":0,"79":0,"80":0,"82":0,"89":0,"91":0,"92":0,"97":0,"99":0,"100":0,"102":0},"path":"/Users/present/code/badger-timelock/contracts/SmartTimelock.sol","s":{"1":0,"2":0,"3":0,"4":0,"5":0,"6":0,"7":0,"8":0,"9":0,"10":0,"11":0,"12":0,"13":0,"14":0,"15":0,"16":0,"17":0,"18":0,"19":0,"20":0,"21":0},"b":{"1":[0,0],"2":[0,0],"3":[0,0],"4":[0,0],"5":[0,0],"6":[0,0],"7":[0,0]},"f":{"1":0,"2":0,"3":0,"4":0,"5":0},"fnMap":{"1":{"name":"constructor","line":22,"loc":{"start":{"line":18,"column":4},"end":{"line":22,"column":61}}},"2":{"name":"onlyBeneficiary","line":28,"loc":{"start":{"line":28,"column":4},"end":{"line":31,"column":4}}},"3":{"name":"call","line":45,"loc":{"start":{"line":41,"column":4},"end":{"line":54,"column":4}}},"4":{"name":"claimToken","line":63,"loc":{"start":{"line":60,"column":4},"end":{"line":83,"column":4}}},"5":{"name":"claimEther","line":88,"loc":{"start":{"line":88,"column":4},"end":{"line":103,"column":4}}}},"statementMap":{"1":{"start":{"line":29,"column":8},"end":{"line":29,"column":78}},"2":{"start":{"line":46,"column":8},"end":{"line":46,"column":60}},"3":{"start":{"line":48,"column":8},"end":{"line":48,"column":52}},"4":{"start":{"line":50,"column":8},"end":{"line":50,"column":61}},"5":{"start":{"line":51,"column":8},"end":{"line":51,"column":78}},"6":{"start":{"line":53,"column":8},"end":{"line":53,"column":34}},"7":{"start":{"line":65,"column":8},"end":{"line":65,"column":2291}},"8":{"start":{"line":69,"column":8},"end":{"line":69,"column":60}},"9":{"start":{"line":71,"column":8},"end":{"line":71,"column":76}},"10":{"start":{"line":72,"column":8},"end":{"line":72,"column":2566}},"11":{"start":{"line":77,"column":8},"end":{"line":77,"column":65}},"12":{"start":{"line":79,"column":8},"end":{"line":79,"column":61}},"13":{"start":{"line":80,"column":8},"end":{"line":80,"column":78}},"14":{"start":{"line":82,"column":8},"end":{"line":82,"column":59}},"15":{"start":{"line":89,"column":8},"end":{"line":89,"column":60}},"16":{"start":{"line":91,"column":8},"end":{"line":91,"column":55}},"17":{"start":{"line":92,"column":8},"end":{"line":92,"column":3216}},"18":{"start":{"line":97,"column":8},"end":{"line":97,"column":55}},"19":{"start":{"line":99,"column":8},"end":{"line":99,"column":61}},"20":{"start":{"line":100,"column":8},"end":{"line":100,"column":78}},"21":{"start":{"line":102,"column":8},"end":{"line":102,"column":40}}},"branchMap":{"1":{"line":29,"type":"if","locations":[{"start":{"line":29,"column":8},"end":{"line":29,"column":8}},{"start":{"line":29,"column":8},"end":{"line":29,"column":8}}]},"2":{"line":51,"type":"if","locations":[{"start":{"line":51,"column":8},"end":{"line":51,"column":8}},{"start":{"line":51,"column":8},"end":{"line":51,"column":8}}]},"3":{"line":65,"type":"if","locations":[{"start":{"line":65,"column":8},"end":{"line":65,"column":8}},{"start":{"line":65,"column":8},"end":{"line":65,"column":8}}]},"4":{"line":72,"type":"if","locations":[{"start":{"line":72,"column":8},"end":{"line":72,"column":8}},{"start":{"line":72,"column":8},"end":{"line":72,"column":8}}]},"5":{"line":80,"type":"if","locations":[{"start":{"line":80,"column":8},"end":{"line":80,"column":8}},{"start":{"line":80,"column":8},"end":{"line":80,"column":8}}]},"6":{"line":92,"type":"if","locations":[{"start":{"line":92,"column":8},"end":{"line":92,"column":8}},{"start":{"line":92,"column":8},"end":{"line":92,"column":8}}]},"7":{"line":100,"type":"if","locations":[{"start":{"line":100,"column":8},"end":{"line":100,"column":8}},{"start":{"line":100,"column":8},"end":{"line":100,"column":8}}]}}}}